<?xml version="1.0" encoding="UTF-8"?>
<!-- Generated by org.testng.reporters.JUnitReportReporter -->
<testsuite skipped="0" hostname="DESKTOP-E716VJT" name="com.selenium.keyworddriven.DataDriven_FD" tests="1" failures="0" timestamp="2022-06-03T12:16:09 IST" time="27.984" errors="0">
  <testcase name="fd_Drivrn" time="27.984" classname="com.selenium.keyworddriven.DataDriven_FD"/>
  <system-out/>
</testsuite> <!-- com.selenium.keyworddriven.DataDriven_FD -->
