<?xml version="1.0" encoding="UTF-8"?>
<!-- Generated by org.testng.reporters.JUnitReportReporter -->
<testsuite skipped="0" hostname="DESKTOP-E716VJT" name="com.selenium.webobject.Code_For_navigate_4" tests="1" failures="0" timestamp="2022-06-18T10:35:20 IST" time="90.068" errors="0">
  <testcase name="Code_For_navigate" time="90.068" classname="com.selenium.webobject.Code_For_navigate_4"/>
  <system-out/>
</testsuite> <!-- com.selenium.webobject.Code_For_navigate_4 -->
