<?xml version="1.0" encoding="UTF-8"?>
<!-- Generated by org.testng.reporters.JUnitReportReporter -->
<testsuite skipped="0" hostname="DESKTOP-E716VJT" name="com.selenium.testing.BasicWebObject" tests="4" failures="0" timestamp="2022-06-17T16:48:36 IST" time="12.181" errors="0">
  <testcase name="HandleTextBox" time="10.131" classname="com.selenium.testing.BasicWebObject"/>
  <system-out/>
  <testcase name="HandleRadioButton" time="0.104" classname="com.selenium.testing.BasicWebObject"/>
  <system-out/>
  <testcase name="HandleCheckBox" time="0.183" classname="com.selenium.testing.BasicWebObject"/>
  <system-out/>
  <testcase name="HandleDropDown" time="1.763" classname="com.selenium.testing.BasicWebObject"/>
  <system-out/>
</testsuite> <!-- com.selenium.testing.BasicWebObject -->
