<?xml version="1.0" encoding="UTF-8"?>
<!-- Generated by org.testng.reporters.JUnitReportReporter -->
<testsuite skipped="0" hostname="DESKTOP-E716VJT" name="com.selenium.webobject.Code_For_CountElements_1" tests="1" failures="0" timestamp="2022-06-18T10:15:18 IST" time="15.656" errors="0">
  <testcase name="CountWebElement" time="15.656" classname="com.selenium.webobject.Code_For_CountElements_1"/>
  <system-out/>
</testsuite> <!-- com.selenium.webobject.Code_For_CountElements_1 -->
