<?xml version="1.0" encoding="UTF-8"?>
<!-- Generated by org.testng.reporters.JUnitReportReporter -->
<testsuite skipped="0" hostname="DESKTOP-E716VJT" name="com.selenium.basictest.Practice_Part_1" tests="1" failures="0" timestamp="2022-06-17T10:05:12 IST" time="21.246" errors="0">
  <testcase name="BeforeExecution" time="21.246" classname="com.selenium.basictest.Practice_Part_1"/>
  <system-out/>
</testsuite> <!-- com.selenium.basictest.Practice_Part_1 -->
