<?xml version="1.0" encoding="UTF-8"?>
<!-- Generated by org.testng.reporters.JUnitReportReporter -->
<testsuite skipped="0" hostname="DESKTOP-E716VJT" name="com.selenium.webobject.Code_For_MouseHandle_7" tests="1" failures="0" timestamp="2022-05-14T23:37:48 IST" time="13.564" errors="0">
  <testcase name="Code_For_MouseHandle_Test" time="13.564" classname="com.selenium.webobject.Code_For_MouseHandle_7"/>
  <system-out/>
</testsuite> <!-- com.selenium.webobject.Code_For_MouseHandle_7 -->
