<?xml version="1.0" encoding="UTF-8"?>
<!-- Generated by org.testng.reporters.JUnitReportReporter -->
<testsuite skipped="0" hostname="DESKTOP-E716VJT" name="com.selenium.basictest.HardAssertion_practice" tests="2" failures="0" timestamp="2022-06-17T16:42:29 IST" time="7.041" errors="0">
  <testcase name="VerifyLogin" time="2.304" classname="com.selenium.basictest.HardAssertion_practice"/>
  <system-out/>
  <testcase name="VerifyMainPage" time="4.737" classname="com.selenium.basictest.HardAssertion_practice"/>
  <system-out/>
</testsuite> <!-- com.selenium.basictest.HardAssertion_practice -->
