<?xml version="1.0" encoding="UTF-8"?>
<!-- Generated by org.testng.reporters.JUnitReportReporter -->
<testsuite skipped="0" hostname="DESKTOP-E716VJT" name="com.selenium.testing.SoftAssertion_practice" tests="2" failures="0" timestamp="2022-06-18T08:58:59 IST" time="27.875" errors="0">
  <testcase name="VerifyLogin" time="23.547" classname="com.selenium.testing.SoftAssertion_practice"/>
  <system-out/>
  <testcase name="VerifyMainPage" time="4.328" classname="com.selenium.testing.SoftAssertion_practice"/>
  <system-out/>
</testsuite> <!-- com.selenium.testing.SoftAssertion_practice -->
