<?xml version="1.0" encoding="UTF-8"?>
<!-- Generated by org.testng.reporters.JUnitReportReporter -->
<testsuite skipped="0" hostname="DESKTOP-E716VJT" name="com.selenium.webobject.Code_For_Alert_2" tests="1" failures="0" timestamp="2022-06-18T08:55:08 IST" time="14.738" errors="0">
  <testcase name="Code_For_Alert_Test" time="14.738" classname="com.selenium.webobject.Code_For_Alert_2"/>
  <system-out/>
</testsuite> <!-- com.selenium.webobject.Code_For_Alert_2 -->
