<?xml version="1.0" encoding="UTF-8"?>
<!-- Generated by org.testng.reporters.JUnitReportReporter -->
<testsuite skipped="0" hostname="DESKTOP-E716VJT" name="com.selenium.testing.HardAssertion" tests="2" failures="0" timestamp="2022-06-21T13:40:18 IST" time="51.467" errors="0">
  <testcase name="verifyLoginPage" time="47.956" classname="com.selenium.testing.HardAssertion"/>
  <system-out/>
  <testcase name="verifyHomePage" time="3.511" classname="com.selenium.testing.HardAssertion"/>
  <system-out/>
</testsuite> <!-- com.selenium.testing.HardAssertion -->
