<?xml version="1.0" encoding="UTF-8"?>
<!-- Generated by org.testng.reporters.JUnitReportReporter -->
<testsuite skipped="0" hostname="DESKTOP-E716VJT" name="com.selenium.datadriven.DataDriver" tests="3" failures="0" timestamp="2022-06-03T19:09:54 IST" time="19.067" errors="0">
  <testcase name="f" time="5.299" classname="com.selenium.datadriven.DataDriver"/>
  <system-out/>
  <testcase name="f" time="8.206" classname="com.selenium.datadriven.DataDriver"/>
  <system-out/>
  <testcase name="f" time="5.562" classname="com.selenium.datadriven.DataDriver"/>
  <system-out/>
</testsuite> <!-- com.selenium.datadriven.DataDriver -->
