<?xml version="1.0" encoding="UTF-8"?>
<!-- Generated by org.testng.reporters.JUnitReportReporter -->
<testsuite skipped="0" hostname="DESKTOP-E716VJT" name="com.selenium.datadriven.DataDriven_FD" tests="1" failures="0" timestamp="2022-06-20T21:49:07 IST" time="32.355" errors="0">
  <testcase name="fd_Drivrn" time="32.355" classname="com.selenium.datadriven.DataDriven_FD"/>
  <system-out/>
</testsuite> <!-- com.selenium.datadriven.DataDriven_FD -->
