<?xml version="1.0" encoding="UTF-8"?>
<!-- Generated by org.testng.reporters.JUnitReportReporter -->
<testsuite skipped="0" hostname="DESKTOP-E716VJT" name="com.selenium.webobject.Code_For_KeyboardHandle_6" tests="1" failures="0" timestamp="2022-06-18T09:36:30 IST" time="18.196" errors="0">
  <testcase name="Code_For_KeyboardHandle_Test" time="18.196" classname="com.selenium.webobject.Code_For_KeyboardHandle_6"/>
  <system-out/>
</testsuite> <!-- com.selenium.webobject.Code_For_KeyboardHandle_6 -->
