<?xml version="1.0" encoding="UTF-8"?>
<!-- Generated by org.testng.reporters.JUnitReportReporter -->
<testsuite skipped="0" hostname="DESKTOP-E716VJT" name="com.selenium.webobject.Code_For_Screenshot_10" tests="1" failures="0" timestamp="2022-06-18T10:52:39 IST" time="4.314" errors="0">
  <testcase name="Code_For_Screenshot" time="4.314" classname="com.selenium.webobject.Code_For_Screenshot_10"/>
  <system-out/>
</testsuite> <!-- com.selenium.webobject.Code_For_Screenshot_10 -->
