<?xml version="1.0" encoding="UTF-8"?>
<!-- Generated by org.testng.reporters.JUnitReportReporter -->
<testsuite skipped="0" hostname="DESKTOP-E716VJT" name="com.selenium.testing.Practice_NewTest" tests="6" failures="0" timestamp="2022-06-15T22:54:17 IST" time="23.746" errors="0">
  <testcase name="LoginAdminUser" time="9.663" classname="com.selenium.testing.Practice_NewTest"/>
  <system-out/>
  <testcase name="Logintuser" time="1.859" classname="com.selenium.testing.Practice_NewTest"/>
  <system-out/>
  <testcase name="LoginJsmith" time="5.160" classname="com.selenium.testing.Practice_NewTest"/>
  <system-out/>
  <testcase name="LoginJsmith" time="3.376" classname="com.selenium.testing.Practice_NewTest"/>
  <system-out/>
  <testcase name="LoginJsmith" time="1.954" classname="com.selenium.testing.Practice_NewTest"/>
  <system-out/>
  <testcase name="LoginJsmith" time="1.734" classname="com.selenium.testing.Practice_NewTest"/>
  <system-out/>
</testsuite> <!-- com.selenium.testing.Practice_NewTest -->
