<?xml version="1.0" encoding="UTF-8"?>
<!-- Generated by org.testng.reporters.JUnitReportReporter -->
<testsuite skipped="1" hostname="DESKTOP-E716VJT" name="com.selenium.testing.LoginMutualFund" tests="3" failures="0" timestamp="2022-05-17T17:51:56 IST" time="19.769" errors="0">
  <testcase name="logiinAdminUser" time="14.113" classname="com.selenium.testing.LoginMutualFund"/>
  <system-out/>
  <testcase name="logiinJSmithUser" time="5.656" classname="com.selenium.testing.LoginMutualFund"/>
  <system-out/>
  <testcase name="logiinTestUser" classname="com.selenium.testing.LoginMutualFund">
    <skipped/>
  </testcase> <!-- logiinTestUser -->
  <system-out/>
</testsuite> <!-- com.selenium.testing.LoginMutualFund -->
