<?xml version="1.0" encoding="UTF-8"?>
<!-- Generated by org.testng.reporters.JUnitReportReporter -->
<testsuite skipped="0" hostname="DESKTOP-E716VJT" name="com.selenium.webobject.Code_For_IFrame_3" tests="1" failures="0" timestamp="2022-06-15T19:59:41 IST" time="12.967" errors="0">
  <testcase name="Code_For_IFrame_Test" time="12.967" classname="com.selenium.webobject.Code_For_IFrame_3"/>
  <system-out/>
</testsuite> <!-- com.selenium.webobject.Code_For_IFrame_3 -->
