<?xml version="1.0" encoding="UTF-8"?>
<!-- Generated by org.testng.reporters.JUnitReportReporter -->
<testsuite skipped="0" hostname="DESKTOP-E716VJT" name="com.selenium.testing.HardAsset" tests="2" failures="0" timestamp="2022-05-11T18:58:16 IST" time="5.307" errors="0">
  <testcase name="verifyLoginPage" time="2.221" classname="com.selenium.testing.HardAsset"/>
  <system-out/>
  <testcase name="verifyHomePage" time="3.086" classname="com.selenium.testing.HardAsset"/>
  <system-out/>
</testsuite> <!-- com.selenium.testing.HardAsset -->
