<?xml version="1.0" encoding="UTF-8"?>
<!-- Generated by org.testng.reporters.JUnitReportReporter -->
<testsuite skipped="0" hostname="DESKTOP-E716VJT" name="com.selenium.keyworddriven.FixedDeposit_Test" tests="2" failures="0" timestamp="2022-06-20T22:58:39 IST" time="19.897" errors="0">
  <testcase name="fd_1lakh" time="14.664" classname="com.selenium.keyworddriven.FixedDeposit_Test"/>
  <system-out/>
  <testcase name="fd_4lakh" time="5.233" classname="com.selenium.keyworddriven.FixedDeposit_Test"/>
  <system-out/>
</testsuite> <!-- com.selenium.keyworddriven.FixedDeposit_Test -->
