<?xml version="1.0" encoding="UTF-8"?>
<!-- Generated by org.testng.reporters.JUnitReportReporter -->
<testsuite skipped="0" hostname="DESKTOP-E716VJT" name="com.selenium.testing.HardAssertion" tests="2" failures="0" timestamp="2022-06-17T13:50:59 IST" time="5.892" errors="0">
  <testcase name="verifyLoginPage" time="2.595" classname="com.selenium.testing.HardAssertion"/>
  <system-out/>
  <testcase name="verifyHomePage" time="3.297" classname="com.selenium.testing.HardAssertion"/>
  <system-out/>
</testsuite> <!-- com.selenium.testing.HardAssertion -->
